<?xml version="1.0" encoding="UTF-8"?>
<robot generator="Robot 5.0.1 (Python 3.10.7 on win32)" generated="20221215 11:06:58.643" rpa="false" schemaversion="3">
<suite id="s1" name="Teste Automatizado" source="C:\Users\junin\Desktop\portifolio_testes\e-commerce newpecas\funcionalidades\barra de pesquisa\teste automatizado">
<suite id="s1-s1" name="CT 001" source="C:\Users\junin\Desktop\portifolio_testes\e-commerce newpecas\funcionalidades\barra de pesquisa\teste automatizado\CT_001.robot">
<kw name="Setup chromedriver" type="SETUP">
<kw name="Append To Environment Variable" library="OperatingSystem">
<arg>PATH</arg>
<arg>${EXECDIR}/SeleniumDrivers</arg>
<doc>Appends given ``values`` to environment variable ``name``.</doc>
<msg timestamp="20221215 11:06:59.172" level="INFO">Environment variable 'PATH' set to value 'C:\Program Files (x86)\Intel\iCLS Client\;C:\Program Files\Intel\iCLS Client\;C:\WINDOWS\system32;C:\WINDOWS;C:\WINDOWS\System32\Wbem;C:\WINDOWS\System32\WindowsPowerShell\v1.0\;C:\Program Files (x86)\Intel\Intel(R) Management Engine Components\DAL;C:\Program Files\Intel\Intel(R) Management Engine Components\DAL;C:\Program Files (x86)\Intel\Intel(R) Management Engine Components\IPT;C:\Program Files\Intel\Intel(R) Management Engine Components\IPT;C:\WINDOWS\System32\OpenSSH\;C:\Program Files\dotnet\;C:\Program Files\Git\cmd;C:\Users\junin\AppData\Local\Programs\Python\Python310\Scripts\;C:\Users\junin\AppData\Local\Programs\Python\Python310\;C:\Program Files\MySQL\MySQL Shell 8.0\bin\;C:\Users\junin\AppData\Local\Microsoft\WindowsApps;C:\Users\junin\AppData\Local\Programs\Microsoft VS Code\bin;C:\Users\junin\AppData\Local\Programs\Hyper\resources\bin;;C:\Users\junin\Desktop\portifolio_testes\e-commerce newpecas\funcionalidades\barra de pesquisa\teste automatizado/SeleniumDrivers'.</msg>
<status status="PASS" starttime="20221215 11:06:59.172" endtime="20221215 11:06:59.172"/>
</kw>
<status status="PASS" starttime="20221215 11:06:59.171" endtime="20221215 11:06:59.173"/>
</kw>
<test id="s1-s1-t1" name="CT_001 - Pesquisa &quot;produto&quot;" line="44">
<kw name="Abrir o navegador" type="SETUP">
<kw name="Open Browser" library="SeleniumLibrary">
<arg>${URL}</arg>
<arg>${BROWSER}</arg>
<doc>Opens a new browser instance to the optional ``url``.</doc>
<msg timestamp="20221215 11:06:59.177" level="INFO">Opening browser 'chrome' to base url 'https://www.newpecas.com.br'.</msg>
<status status="PASS" starttime="20221215 11:06:59.176" endtime="20221215 11:07:11.448"/>
</kw>
<kw name="Maximize Browser Window" library="SeleniumLibrary">
<doc>Maximizes current browser window.</doc>
<status status="PASS" starttime="20221215 11:07:11.449" endtime="20221215 11:07:11.616"/>
</kw>
<status status="PASS" starttime="20221215 11:06:59.176" endtime="20221215 11:07:11.616"/>
</kw>
<kw name="Acessar a página home do e-comerce NewPeças">
<kw name="Wait Until Element Is Visible" library="SeleniumLibrary">
<arg>class=header-logo</arg>
<doc>Waits until the element ``locator`` is visible.</doc>
<status status="PASS" starttime="20221215 11:07:11.617" endtime="20221215 11:07:12.543"/>
</kw>
<status status="PASS" starttime="20221215 11:07:11.617" endtime="20221215 11:07:12.544"/>
</kw>
<kw name="Digitar o nome do &quot;${PRODUTO}&quot; na barra de pesquisa" sourcename="Digitar o nome do &quot;${PRODUTO}&quot; na barra de pesquisa">
<kw name="Input Text" library="SeleniumLibrary">
<arg>name=busca</arg>
<arg>${PRODUTO}</arg>
<doc>Types the given ``text`` into the text field identified by ``locator``.</doc>
<msg timestamp="20221215 11:07:12.546" level="INFO">Typing text 'LED emissor' into text field 'name=busca'.</msg>
<status status="PASS" starttime="20221215 11:07:12.545" endtime="20221215 11:07:12.873"/>
</kw>
<status status="PASS" starttime="20221215 11:07:12.545" endtime="20221215 11:07:12.874"/>
</kw>
<kw name="Clicar no botão pesquisar">
<kw name="Click Element" library="SeleniumLibrary">
<arg>xpath=//*[@id="header-form"]/button[2]</arg>
<doc>Click the element identified by ``locator``.</doc>
<msg timestamp="20221215 11:07:12.878" level="INFO">Clicking element 'xpath=//*[@id="header-form"]/button[2]'.</msg>
<status status="PASS" starttime="20221215 11:07:12.877" endtime="20221215 11:07:13.719"/>
</kw>
<status status="PASS" starttime="20221215 11:07:12.876" endtime="20221215 11:07:13.720"/>
</kw>
<kw name="Conferir se o produto foi listado no site">
<kw name="Wait Until Element Is Visible" library="SeleniumLibrary">
<arg>class=product-name</arg>
<doc>Waits until the element ``locator`` is visible.</doc>
<status status="PASS" starttime="20221215 11:07:13.721" endtime="20221215 11:07:13.802"/>
</kw>
<kw name="Element Should Contain" library="SeleniumLibrary">
<arg>class=product-name</arg>
<arg>Led Emissor Infra Vermelho 5Mm</arg>
<doc>Verifies that element ``locator`` contains text ``expected``.</doc>
<msg timestamp="20221215 11:07:13.840" level="INFO">Element 'class=product-name' contains text 'Led Emissor Infra Vermelho 5Mm'.</msg>
<status status="PASS" starttime="20221215 11:07:13.802" endtime="20221215 11:07:13.840"/>
</kw>
<kw name="Capture Element Screenshot" library="SeleniumLibrary">
<arg>id=Pbusca-prod-714</arg>
<doc>Captures a screenshot from the element identified by ``locator`` and embeds it into log file.</doc>
<msg timestamp="20221215 11:07:18.849" level="INFO" html="true">&lt;/td&gt;&lt;/tr&gt;&lt;tr&gt;&lt;td colspan="3"&gt;&lt;a href="selenium-element-screenshot-2.png"&gt;&lt;img src="selenium-element-screenshot-2.png" width="400px"&gt;&lt;/a&gt;</msg>
<status status="PASS" starttime="20221215 11:07:13.841" endtime="20221215 11:07:18.849"/>
</kw>
<status status="PASS" starttime="20221215 11:07:13.720" endtime="20221215 11:07:18.850"/>
</kw>
<kw name="Fechar o navegador" type="TEARDOWN">
<kw name="Close Browser" library="SeleniumLibrary">
<doc>Closes the current browser.</doc>
<status status="PASS" starttime="20221215 11:07:18.852" endtime="20221215 11:07:21.430"/>
</kw>
<status status="PASS" starttime="20221215 11:07:18.851" endtime="20221215 11:07:21.430"/>
</kw>
<status status="PASS" starttime="20221215 11:06:59.174" endtime="20221215 11:07:21.431"/>
</test>
<status status="PASS" starttime="20221215 11:06:58.699" endtime="20221215 11:07:21.434"/>
</suite>
<status status="PASS" starttime="20221215 11:06:58.648" endtime="20221215 11:07:21.440"/>
</suite>
<statistics>
<total>
<stat pass="1" fail="0" skip="0">All Tests</stat>
</total>
<tag>
</tag>
<suite>
<stat pass="1" fail="0" skip="0" id="s1" name="Teste Automatizado">Teste Automatizado</stat>
<stat pass="1" fail="0" skip="0" id="s1-s1" name="CT 001">Teste Automatizado.CT 001</stat>
</suite>
</statistics>
<errors>
</errors>
</robot>
