<?xml version="1.0" encoding="UTF-8"?>
<robot generator="Robot 5.0.1 (Python 3.10.7 on win32)" generated="20221107 12:28:16.092" rpa="false" schemaversion="3">
<suite id="s1" name="Categorias" source="C:\Users\junin\Desktop\portifolio_testes\portifolio-de-testes\Test_Automation_RobotFramework\Features\Categorias">
<suite id="s1-s1" name="CT 002" source="C:\Users\junin\Desktop\portifolio_testes\portifolio-de-testes\Test_Automation_RobotFramework\Features\Categorias\CT_002.robot">
<test id="s1-s1-t1" name="CT_002 - Consultar sessão de teclas variadas" line="44">
<kw name="Abrir o navegador" type="SETUP">
<kw name="Open Browser" library="SeleniumLibrary">
<arg>${URL}</arg>
<arg>${BROWSER}</arg>
<doc>Opens a new browser instance to the optional ``url``.</doc>
<msg timestamp="20221107 12:28:16.670" level="INFO">Opening browser 'chrome' to base url 'https://www.newpecas.com.br'.</msg>
<status status="PASS" starttime="20221107 12:28:16.669" endtime="20221107 12:28:19.956"/>
</kw>
<kw name="Maximize Browser Window" library="SeleniumLibrary">
<doc>Maximizes current browser window.</doc>
<status status="PASS" starttime="20221107 12:28:19.956" endtime="20221107 12:28:20.137"/>
</kw>
<status status="PASS" starttime="20221107 12:28:16.668" endtime="20221107 12:28:20.137"/>
</kw>
<kw name="Acessar a página home do e-comerce NewPeças">
<kw name="Wait Until Element Is Visible" library="SeleniumLibrary">
<arg>class=header-logo</arg>
<doc>Waits until the element ``locator`` is visible.</doc>
<status status="PASS" starttime="20221107 12:28:20.139" endtime="20221107 12:28:20.216"/>
</kw>
<status status="PASS" starttime="20221107 12:28:20.138" endtime="20221107 12:28:20.216"/>
</kw>
<kw name="Abrir o menu 'Categorias'">
<kw name="Wait Until Element Is Visible" library="SeleniumLibrary">
<arg>id:box-cookies</arg>
<doc>Waits until the element ``locator`` is visible.</doc>
<status status="PASS" starttime="20221107 12:28:20.218" endtime="20221107 12:28:20.271"/>
</kw>
<kw name="Click Element" library="SeleniumLibrary">
<arg>xpath://*[@id="box-cookies"]/div/div[2]/button</arg>
<doc>Click the element identified by ``locator``.</doc>
<msg timestamp="20221107 12:28:20.272" level="INFO">Clicking element 'xpath://*[@id="box-cookies"]/div/div[2]/button'.</msg>
<status status="PASS" starttime="20221107 12:28:20.271" endtime="20221107 12:28:20.439"/>
</kw>
<kw name="Mouse Over" library="SeleniumLibrary">
<arg>xpath=//*[@id="header-navbar-fixed"]/div[2]/div/div/div/div/ul/li[1]/a</arg>
<doc>Simulates hovering the mouse over the element ``locator``.</doc>
<msg timestamp="20221107 12:28:20.439" level="INFO">Simulating Mouse Over on element 'xpath=//*[@id="header-navbar-fixed"]/div[2]/div/div/div/div/ul/li[1]/a'.</msg>
<status status="PASS" starttime="20221107 12:28:20.439" endtime="20221107 12:28:20.800"/>
</kw>
<kw name="Wait Until Element Is Visible" library="SeleniumLibrary">
<arg>xpath=//span[@class="megamenu-title" and contains(text(), '${CATEGORIA}')]</arg>
<doc>Waits until the element ``locator`` is visible.</doc>
<status status="PASS" starttime="20221107 12:28:20.800" endtime="20221107 12:28:20.845"/>
</kw>
<status status="PASS" starttime="20221107 12:28:20.217" endtime="20221107 12:28:20.846"/>
</kw>
<kw name="Clicar em '${CATEGORIA}'" sourcename="Clicar em '${CATEGORIA}'">
<kw name="Click Element" library="SeleniumLibrary">
<arg>xpath=//span[@class="megamenu-title" and contains(text(), '${CATEGORIA}')]</arg>
<doc>Click the element identified by ``locator``.</doc>
<msg timestamp="20221107 12:28:20.849" level="INFO">Clicking element 'xpath=//span[@class="megamenu-title" and contains(text(), 'Teclas')]'.</msg>
<status status="PASS" starttime="20221107 12:28:20.848" endtime="20221107 12:28:21.220"/>
</kw>
<status status="PASS" starttime="20221107 12:28:20.847" endtime="20221107 12:28:21.220"/>
</kw>
<kw name="Conferir se apenas teclas são exibidas na seleção">
<kw name="Wait Until Element Is Visible" library="SeleniumLibrary">
<arg>class=product-name</arg>
<doc>Waits until the element ``locator`` is visible.</doc>
<status status="PASS" starttime="20221107 12:28:21.222" endtime="20221107 12:28:21.295"/>
</kw>
<try>
<branch type="TRY">
<kw name="Element Should Contain" library="SeleniumLibrary">
<arg>class=product-name</arg>
<arg>Teclas</arg>
<doc>Verifies that element ``locator`` contains text ``expected``.</doc>
<msg timestamp="20221107 12:28:21.411" level="INFO">Element 'class=product-name' contains text 'Teclas'.</msg>
<status status="PASS" starttime="20221107 12:28:21.296" endtime="20221107 12:28:21.412"/>
</kw>
<status status="PASS" starttime="20221107 12:28:21.295" endtime="20221107 12:28:21.412"/>
</branch>
<branch type="EXCEPT">
<kw name="Log To Console" library="BuiltIn">
<arg>Contém produtos sem 'Teclas' no nome</arg>
<doc>Logs the given message to the console.</doc>
<status status="NOT RUN" starttime="20221107 12:28:21.412" endtime="20221107 12:28:21.412"/>
</kw>
<kw name="Capture Element Screenshot" library="SeleniumLibrary">
<arg>class=product-name</arg>
<doc>Captures a screenshot from the element identified by ``locator`` and embeds it into log file.</doc>
<status status="NOT RUN" starttime="20221107 12:28:21.412" endtime="20221107 12:28:21.412"/>
</kw>
<status status="NOT RUN" starttime="20221107 12:28:21.412" endtime="20221107 12:28:21.412"/>
</branch>
<status status="PASS" starttime="20221107 12:28:21.295" endtime="20221107 12:28:21.412"/>
</try>
<status status="PASS" starttime="20221107 12:28:21.221" endtime="20221107 12:28:21.413"/>
</kw>
<status status="PASS" starttime="20221107 12:28:16.667" endtime="20221107 12:28:21.414"/>
</test>
<status status="PASS" starttime="20221107 12:28:16.182" endtime="20221107 12:28:21.418"/>
</suite>
<status status="PASS" starttime="20221107 12:28:16.132" endtime="20221107 12:28:21.424"/>
</suite>
<statistics>
<total>
<stat pass="1" fail="0" skip="0">All Tests</stat>
</total>
<tag>
</tag>
<suite>
<stat pass="1" fail="0" skip="0" id="s1" name="Categorias">Categorias</stat>
<stat pass="1" fail="0" skip="0" id="s1-s1" name="CT 002">Categorias.CT 002</stat>
</suite>
</statistics>
<errors>
</errors>
</robot>
