<?xml version="1.0" encoding="UTF-8"?>
<robot generator="Robot 5.0.1 (Python 3.10.7 on win32)" generated="20221215 11:20:20.222" rpa="false" schemaversion="3">
<suite id="s1" name="Teste Automatizado" source="C:\Users\junin\Desktop\portifolio_testes\e-commerce newpecas\funcionalidades\listas de busca\teste automatizado">
<suite id="s1-s1" name="CT 004" source="C:\Users\junin\Desktop\portifolio_testes\e-commerce newpecas\funcionalidades\listas de busca\teste automatizado\CT_004.robot">
<kw name="Setup chromedriver" type="SETUP">
<kw name="Append To Environment Variable" library="OperatingSystem">
<arg>PATH</arg>
<arg>${EXECDIR}/SeleniumDrivers</arg>
<doc>Appends given ``values`` to environment variable ``name``.</doc>
<msg timestamp="20221215 11:20:20.769" level="INFO">Environment variable 'PATH' set to value 'C:\Program Files (x86)\Intel\iCLS Client\;C:\Program Files\Intel\iCLS Client\;C:\WINDOWS\system32;C:\WINDOWS;C:\WINDOWS\System32\Wbem;C:\WINDOWS\System32\WindowsPowerShell\v1.0\;C:\Program Files (x86)\Intel\Intel(R) Management Engine Components\DAL;C:\Program Files\Intel\Intel(R) Management Engine Components\DAL;C:\Program Files (x86)\Intel\Intel(R) Management Engine Components\IPT;C:\Program Files\Intel\Intel(R) Management Engine Components\IPT;C:\WINDOWS\System32\OpenSSH\;C:\Program Files\dotnet\;C:\Program Files\Git\cmd;C:\Users\junin\AppData\Local\Programs\Python\Python310\Scripts\;C:\Users\junin\AppData\Local\Programs\Python\Python310\;C:\Program Files\MySQL\MySQL Shell 8.0\bin\;C:\Users\junin\AppData\Local\Microsoft\WindowsApps;C:\Users\junin\AppData\Local\Programs\Microsoft VS Code\bin;C:\Users\junin\AppData\Local\Programs\Hyper\resources\bin;;C:\Users\junin\Desktop\portifolio_testes\e-commerce newpecas\funcionalidades\listas de busca\teste automatizado/SeleniumDrivers'.</msg>
<status status="PASS" starttime="20221215 11:20:20.769" endtime="20221215 11:20:20.770"/>
</kw>
<status status="PASS" starttime="20221215 11:20:20.767" endtime="20221215 11:20:20.770"/>
</kw>
<test id="s1-s1-t1" name="CT_004 - Verificar Produtos Buscados Por Lista de Busca" line="52">
<kw name="Abrir o navegador" type="SETUP">
<kw name="Open Browser" library="SeleniumLibrary">
<arg>${URL}</arg>
<arg>${BROWSER}</arg>
<doc>Opens a new browser instance to the optional ``url``.</doc>
<msg timestamp="20221215 11:20:20.773" level="INFO">Opening browser 'chrome' to base url 'https://www.newpecas.com.br'.</msg>
<status status="PASS" starttime="20221215 11:20:20.772" endtime="20221215 11:20:24.897"/>
</kw>
<kw name="Maximize Browser Window" library="SeleniumLibrary">
<doc>Maximizes current browser window.</doc>
<status status="PASS" starttime="20221215 11:20:24.898" endtime="20221215 11:20:25.094"/>
</kw>
<status status="PASS" starttime="20221215 11:20:20.772" endtime="20221215 11:20:25.094"/>
</kw>
<kw name="Clicar em lista de busca">
<kw name="Wait Until Element Is Visible" library="SeleniumLibrary">
<arg>class=header-logo</arg>
<doc>Waits until the element ``locator`` is visible.</doc>
<status status="PASS" starttime="20221215 11:20:25.097" endtime="20221215 11:20:25.206"/>
</kw>
<kw name="Wait Until Element Is Visible" library="SeleniumLibrary">
<arg>class=icofont-settings</arg>
<doc>Waits until the element ``locator`` is visible.</doc>
<status status="PASS" starttime="20221215 11:20:25.206" endtime="20221215 11:20:25.537"/>
</kw>
<kw name="Click Element" library="SeleniumLibrary">
<arg>class=icofont-settings</arg>
<doc>Click the element identified by ``locator``.</doc>
<msg timestamp="20221215 11:20:25.538" level="INFO">Clicking element 'class=icofont-settings'.</msg>
<status status="PASS" starttime="20221215 11:20:25.537" endtime="20221215 11:20:25.642"/>
</kw>
<status status="PASS" starttime="20221215 11:20:25.095" endtime="20221215 11:20:25.643"/>
</kw>
<kw name="Adicionar produtos na lista de busca">
<kw name="Wait Until Element Is Visible" library="SeleniumLibrary">
<arg>id:item_topo</arg>
<doc>Waits until the element ``locator`` is visible.</doc>
<status status="PASS" starttime="20221215 11:20:25.647" endtime="20221215 11:20:25.707"/>
</kw>
<for flavor="IN">
<var>${produto}</var>
<value>@{LISTA_PRODUTOS}</value>
<iter>
<var name="${produto}">Cabo</var>
<kw name="Input Text" library="SeleniumLibrary">
<arg>id:item_topo</arg>
<arg>${produto}</arg>
<doc>Types the given ``text`` into the text field identified by ``locator``.</doc>
<msg timestamp="20221215 11:20:25.709" level="INFO">Typing text 'Cabo' into text field 'id:item_topo'.</msg>
<status status="PASS" starttime="20221215 11:20:25.708" endtime="20221215 11:20:25.856"/>
</kw>
<kw name="Click Element" library="SeleniumLibrary">
<arg>class:icofont-plus</arg>
<doc>Click the element identified by ``locator``.</doc>
<msg timestamp="20221215 11:20:25.859" level="INFO">Clicking element 'class:icofont-plus'.</msg>
<status status="PASS" starttime="20221215 11:20:25.857" endtime="20221215 11:20:25.942"/>
</kw>
<status status="PASS" starttime="20221215 11:20:25.708" endtime="20221215 11:20:25.942"/>
</iter>
<iter>
<var name="${produto}">Led</var>
<kw name="Input Text" library="SeleniumLibrary">
<arg>id:item_topo</arg>
<arg>${produto}</arg>
<doc>Types the given ``text`` into the text field identified by ``locator``.</doc>
<msg timestamp="20221215 11:20:25.943" level="INFO">Typing text 'Led' into text field 'id:item_topo'.</msg>
<status status="PASS" starttime="20221215 11:20:25.943" endtime="20221215 11:20:26.075"/>
</kw>
<kw name="Click Element" library="SeleniumLibrary">
<arg>class:icofont-plus</arg>
<doc>Click the element identified by ``locator``.</doc>
<msg timestamp="20221215 11:20:26.075" level="INFO">Clicking element 'class:icofont-plus'.</msg>
<status status="PASS" starttime="20221215 11:20:26.075" endtime="20221215 11:20:26.127"/>
</kw>
<status status="PASS" starttime="20221215 11:20:25.943" endtime="20221215 11:20:26.127"/>
</iter>
<iter>
<var name="${produto}">Placa</var>
<kw name="Input Text" library="SeleniumLibrary">
<arg>id:item_topo</arg>
<arg>${produto}</arg>
<doc>Types the given ``text`` into the text field identified by ``locator``.</doc>
<msg timestamp="20221215 11:20:26.129" level="INFO">Typing text 'Placa' into text field 'id:item_topo'.</msg>
<status status="PASS" starttime="20221215 11:20:26.128" endtime="20221215 11:20:26.265"/>
</kw>
<kw name="Click Element" library="SeleniumLibrary">
<arg>class:icofont-plus</arg>
<doc>Click the element identified by ``locator``.</doc>
<msg timestamp="20221215 11:20:26.266" level="INFO">Clicking element 'class:icofont-plus'.</msg>
<status status="PASS" starttime="20221215 11:20:26.265" endtime="20221215 11:20:26.321"/>
</kw>
<status status="PASS" starttime="20221215 11:20:26.127" endtime="20221215 11:20:26.321"/>
</iter>
<status status="PASS" starttime="20221215 11:20:25.707" endtime="20221215 11:20:26.321"/>
</for>
<status status="PASS" starttime="20221215 11:20:25.645" endtime="20221215 11:20:26.321"/>
</kw>
<kw name="Clicar em pesquisar">
<kw name="Click Element" library="SeleniumLibrary">
<arg>xpath://*[@id="search_list"]/div/div/form/button[1]</arg>
<doc>Click the element identified by ``locator``.</doc>
<msg timestamp="20221215 11:20:26.323" level="INFO">Clicking element 'xpath://*[@id="search_list"]/div/div/form/button[1]'.</msg>
<status status="PASS" starttime="20221215 11:20:26.323" endtime="20221215 11:20:26.859"/>
</kw>
<status status="PASS" starttime="20221215 11:20:26.322" endtime="20221215 11:20:26.859"/>
</kw>
<kw name="Verificar elementos buscados">
<kw name="Wait Until Element Is Visible" library="SeleniumLibrary">
<arg>xpath:/html/body/div[15]/div/div[1]/div/div[1]/div/ul/li[1]/a/h2</arg>
<doc>Waits until the element ``locator`` is visible.</doc>
<status status="PASS" starttime="20221215 11:20:26.867" endtime="20221215 11:20:26.942"/>
</kw>
<for flavor="IN">
<var>${item}</var>
<value>1</value>
<value>2</value>
<value>3</value>
<iter>
<var name="${item}">1</var>
<kw name="Element Text Should Be" library="SeleniumLibrary">
<arg>xpath:/html/body/div[15]/div/div[1]/div/div[1]/div/ul/li[${item}]/a/h2</arg>
<arg>${PRODUTO_${item}}</arg>
<doc>Verifies that element ``locator`` contains exact the text ``expected``.</doc>
<msg timestamp="20221215 11:20:26.943" level="INFO">Verifying element 'xpath:/html/body/div[15]/div/div[1]/div/div[1]/div/ul/li[1]/a/h2' contains exact text 'Cabo'.</msg>
<status status="PASS" starttime="20221215 11:20:26.942" endtime="20221215 11:20:26.975"/>
</kw>
<status status="PASS" starttime="20221215 11:20:26.942" endtime="20221215 11:20:26.975"/>
</iter>
<iter>
<var name="${item}">2</var>
<kw name="Element Text Should Be" library="SeleniumLibrary">
<arg>xpath:/html/body/div[15]/div/div[1]/div/div[1]/div/ul/li[${item}]/a/h2</arg>
<arg>${PRODUTO_${item}}</arg>
<doc>Verifies that element ``locator`` contains exact the text ``expected``.</doc>
<msg timestamp="20221215 11:20:26.976" level="INFO">Verifying element 'xpath:/html/body/div[15]/div/div[1]/div/div[1]/div/ul/li[2]/a/h2' contains exact text 'Led'.</msg>
<status status="PASS" starttime="20221215 11:20:26.975" endtime="20221215 11:20:27.009"/>
</kw>
<status status="PASS" starttime="20221215 11:20:26.975" endtime="20221215 11:20:27.009"/>
</iter>
<iter>
<var name="${item}">3</var>
<kw name="Element Text Should Be" library="SeleniumLibrary">
<arg>xpath:/html/body/div[15]/div/div[1]/div/div[1]/div/ul/li[${item}]/a/h2</arg>
<arg>${PRODUTO_${item}}</arg>
<doc>Verifies that element ``locator`` contains exact the text ``expected``.</doc>
<msg timestamp="20221215 11:20:27.010" level="INFO">Verifying element 'xpath:/html/body/div[15]/div/div[1]/div/div[1]/div/ul/li[3]/a/h2' contains exact text 'Placa'.</msg>
<status status="PASS" starttime="20221215 11:20:27.010" endtime="20221215 11:20:27.043"/>
</kw>
<status status="PASS" starttime="20221215 11:20:27.010" endtime="20221215 11:20:27.043"/>
</iter>
<status status="PASS" starttime="20221215 11:20:26.942" endtime="20221215 11:20:27.043"/>
</for>
<status status="PASS" starttime="20221215 11:20:26.866" endtime="20221215 11:20:27.043"/>
</kw>
<status status="PASS" starttime="20221215 11:20:20.770" endtime="20221215 11:20:27.044"/>
</test>
<status status="PASS" starttime="20221215 11:20:20.270" endtime="20221215 11:20:27.047"/>
</suite>
<status status="PASS" starttime="20221215 11:20:20.225" endtime="20221215 11:20:27.051"/>
</suite>
<statistics>
<total>
<stat pass="1" fail="0" skip="0">All Tests</stat>
</total>
<tag>
</tag>
<suite>
<stat pass="1" fail="0" skip="0" id="s1" name="Teste Automatizado">Teste Automatizado</stat>
<stat pass="1" fail="0" skip="0" id="s1-s1" name="CT 004">Teste Automatizado.CT 004</stat>
</suite>
</statistics>
<errors>
</errors>
</robot>
